<?xml version="1.0" encoding="UTF-8"?>
<testng-results ignored="0" total="1" passed="1" failed="0" skipped="0">
  <reporter-output>
  </reporter-output>
  <suite started-at="2020-05-12T11:18:13 EDT" name="Default suite" finished-at="2020-05-12T11:18:13 EDT" duration-ms="33">
    <groups>
    </groups>
    <test started-at="2020-05-12T11:18:13 EDT" name="Default test" finished-at="2020-05-12T11:18:13 EDT" duration-ms="33">
      <class name="testCases.testCaseOne">
        <test-method signature="f()[pri:0, instance:testCases.testCaseOne@5bfa9431]" started-at="2020-05-12T11:18:13 EDT" name="f" finished-at="2020-05-12T11:18:13 EDT" duration-ms="6" status="PASS">
          <reporter-output>
          </reporter-output>
        </test-method> <!-- f -->
      </class> <!-- testCases.testCaseOne -->
    </test> <!-- Default test -->
  </suite> <!-- Default suite -->
</testng-results>
